# JRE version: Java(TM) SE Runtime Environment (8.0_251-b08) (build 1.8.0_251-b08)
# Java VM: Java HotSpot(TM) 64-Bit Server VM (25.251-b08 mixed mode windows-amd64 compressed oops)
Heap:
 PSYoungGen      total 199680K, used 11874K [0x000000076b200000, 0x0000000779700000, 0x00000007c0000000)
  eden space 183808K, 0% used [0x000000076b200000,0x000000076b200000,0x0000000776580000)
  from space 15872K, 74% used [0x0000000777600000,0x0000000778198858,0x0000000778580000)
  to   space 16896K, 0% used [0x0000000776580000,0x0000000776580000,0x0000000777600000)
 ParOldGen       total 89088K, used 7835K [0x00000006c1600000, 0x00000006c6d00000, 0x000000076b200000)
  object space 89088K, 8% used [0x00000006c1600000,0x00000006c1da6f98,0x00000006c6d00000)
 Metaspace       used 33526K, capacity 35334K, committed 35416K, reserved 1079296K
  class space    used 4763K, capacity 5104K, committed 5120K, reserved 1048576K
GC Heap History (10 events):
Event: 0.718 GC heap after
Heap after GC invocations=3 (full 0):
 PSYoungGen      total 76288K, used 5889K [0x000000076b200000, 0x0000000774700000, 0x00000007c0000000)
  eden space 65536K, 0% used [0x000000076b200000,0x000000076b200000,0x000000076f200000)
  from space 10752K, 54% used [0x000000076f200000,0x000000076f7c0510,0x000000076fc80000)
  to   space 10752K, 0% used [0x0000000773c80000,0x0000000773c80000,0x0000000774700000)
 ParOldGen       total 175104K, used 408K [0x00000006c1600000, 0x00000006cc100000, 0x000000076b200000)
  object space 175104K, 0% used [0x00000006c1600000,0x00000006c1666370,0x00000006cc100000)
 Metaspace       used 20354K, capacity 21128K, committed 21248K, reserved 1067008K
  class space    used 2779K, capacity 3011K, committed 3072K, reserved 1048576K
}
Event: 0.718 GC heap before
{Heap before GC invocations=4 (full 1):
 PSYoungGen      total 76288K, used 5889K [0x000000076b200000, 0x0000000774700000, 0x00000007c0000000)
  eden space 65536K, 0% used [0x000000076b200000,0x000000076b200000,0x000000076f200000)
  from space 10752K, 54% used [0x000000076f200000,0x000000076f7c0510,0x000000076fc80000)
  to   space 10752K, 0% used [0x0000000773c80000,0x0000000773c80000,0x0000000774700000)
 ParOldGen       total 175104K, used 408K [0x00000006c1600000, 0x00000006cc100000, 0x000000076b200000)
  object space 175104K, 0% used [0x00000006c1600000,0x00000006c1666370,0x00000006cc100000)
 Metaspace       used 20354K, capacity 21128K, committed 21248K, reserved 1067008K
  class space    used 2779K, capacity 3011K, committed 3072K, reserved 1048576K
Event: 0.734 GC heap after
Heap after GC invocations=4 (full 1):
 PSYoungGen      total 76288K, used 0K [0x000000076b200000, 0x0000000774700000, 0x00000007c0000000)
  eden space 65536K, 0% used [0x000000076b200000,0x000000076b200000,0x000000076f200000)
  from space 10752K, 0% used [0x000000076f200000,0x000000076f200000,0x000000076fc80000)
  to   space 10752K, 0% used [0x0000000773c80000,0x0000000773c80000,0x0000000774700000)
 ParOldGen       total 89088K, used 5731K [0x00000006c1600000, 0x00000006c6d00000, 0x000000076b200000)
  object space 89088K, 6% used [0x00000006c1600000,0x00000006c1b98eb0,0x00000006c6d00000)
 Metaspace       used 20352K, capacity 21122K, committed 21248K, reserved 1067008K
  class space    used 2779K, capacity 3010K, committed 3072K, reserved 1048576K
}
Event: 0.845 GC heap before
{Heap before GC invocations=5 (full 1):
 PSYoungGen      total 76288K, used 65536K [0x000000076b200000, 0x0000000774700000, 0x00000007c0000000)
  eden space 65536K, 100% used [0x000000076b200000,0x000000076f200000,0x000000076f200000)
  from space 10752K, 0% used [0x000000076f200000,0x000000076f200000,0x000000076fc80000)
  to   space 10752K, 0% used [0x0000000773c80000,0x0000000773c80000,0x0000000774700000)
 ParOldGen       total 89088K, used 5731K [0x00000006c1600000, 0x00000006c6d00000, 0x000000076b200000)
  object space 89088K, 6% used [0x00000006c1600000,0x00000006c1b98eb0,0x00000006c6d00000)
 Metaspace       used 21672K, capacity 22528K, committed 22784K, reserved 1069056K
  class space    used 2964K, capacity 3207K, committed 3328K, reserved 1048576K
Event: 0.847 GC heap after
Heap after GC invocations=5 (full 1):
 PSYoungGen      total 115200K, used 3152K [0x000000076b200000, 0x0000000774000000, 0x00000007c0000000)
  eden space 111616K, 0% used [0x000000076b200000,0x000000076b200000,0x0000000771f00000)
  from space 3584K, 87% used [0x0000000773c80000,0x0000000773f941d0,0x0000000774000000)
  to   space 10752K, 0% used [0x0000000772b00000,0x0000000772b00000,0x0000000773580000)
 ParOldGen       total 89088K, used 5739K [0x00000006c1600000, 0x00000006c6d00000, 0x000000076b200000)
  object space 89088K, 6% used [0x00000006c1600000,0x00000006c1b9aeb0,0x00000006c6d00000)
 Metaspace       used 21672K, capacity 22528K, committed 22784K, reserved 1069056K
  class space    used 2964K, capacity 3207K, committed 3328K, reserved 1048576K
}
Event: 1.386 GC heap before
{Heap before GC invocations=6 (full 1):
 PSYoungGen      total 115200K, used 114768K [0x000000076b200000, 0x0000000774000000, 0x00000007c0000000)
  eden space 111616K, 100% used [0x000000076b200000,0x0000000771f00000,0x0000000771f00000)
  from space 3584K, 87% used [0x0000000773c80000,0x0000000773f941d0,0x0000000774000000)
  to   space 10752K, 0% used [0x0000000772b00000,0x0000000772b00000,0x0000000773580000)
 ParOldGen       total 89088K, used 5739K [0x00000006c1600000, 0x00000006c6d00000, 0x000000076b200000)
  object space 89088K, 6% used [0x00000006c1600000,0x00000006c1b9aeb0,0x00000006c6d00000)
 Metaspace       used 28814K, capacity 30490K, committed 30720K, reserved 1075200K
  class space    used 4009K, capacity 4350K, committed 4352K, reserved 1048576K
Event: 1.392 GC heap after
Heap after GC invocations=6 (full 1):
 PSYoungGen      total 134656K, used 10734K [0x000000076b200000, 0x0000000778580000, 0x00000007c0000000)
  eden space 123904K, 0% used [0x000000076b200000,0x000000076b200000,0x0000000772b00000)
  from space 10752K, 99% used [0x0000000772b00000,0x000000077357b8a8,0x0000000773580000)
  to   space 15872K, 0% used [0x0000000777600000,0x0000000777600000,0x0000000778580000)
 ParOldGen       total 89088K, used 7827K [0x00000006c1600000, 0x00000006c6d00000, 0x000000076b200000)
  object space 89088K, 8% used [0x00000006c1600000,0x00000006c1da4f98,0x00000006c6d00000)
 Metaspace       used 28814K, capacity 30490K, committed 30720K, reserved 1075200K
  class space    used 4009K, capacity 4350K, committed 4352K, reserved 1048576K
}
Event: 1.682 GC heap before
{Heap before GC invocations=7 (full 1):
 PSYoungGen      total 134656K, used 104316K [0x000000076b200000, 0x0000000778580000, 0x00000007c0000000)
  eden space 123904K, 75% used [0x000000076b200000,0x0000000770d63930,0x0000000772b00000)
  from space 10752K, 99% used [0x0000000772b00000,0x000000077357b8a8,0x0000000773580000)
  to   space 15872K, 0% used [0x0000000777600000,0x0000000777600000,0x0000000778580000)
 ParOldGen       total 89088K, used 7827K [0x00000006c1600000, 0x00000006c6d00000, 0x000000076b200000)
  object space 89088K, 8% used [0x00000006c1600000,0x00000006c1da4f98,0x00000006c6d00000)
 Metaspace       used 33526K, capacity 35334K, committed 35416K, reserved 1079296K
  class space    used 4763K, capacity 5104K, committed 5120K, reserved 1048576K
Event: 1.688 GC heap after
Heap after GC invocations=7 (full 1):
 PSYoungGen      total 199680K, used 11874K [0x000000076b200000, 0x0000000779700000, 0x00000007c0000000)
  eden space 183808K, 0% used [0x000000076b200000,0x000000076b200000,0x0000000776580000)
  from space 15872K, 74% used [0x0000000777600000,0x0000000778198858,0x0000000778580000)
  to   space 16896K, 0% used [0x0000000776580000,0x0000000776580000,0x0000000777600000)
 ParOldGen       total 89088K, used 7835K [0x00000006c1600000, 0x00000006c6d00000, 0x000000076b200000)
  object space 89088K, 8% used [0x00000006c1600000,0x00000006c1da6f98,0x00000006c6d00000)
 Metaspace       used 33526K, capacity 35334K, committed 35416K, reserved 1079296K
  class space    used 4763K, capacity 5104K, committed 5120K, reserved 1048576K
}
Event: 1.688 GC heap before
{Heap before GC invocations=8 (full 2):
 PSYoungGen      total 199680K, used 11874K [0x000000076b200000, 0x0000000779700000, 0x00000007c0000000)
  eden space 183808K, 0% used [0x000000076b200000,0x000000076b200000,0x0000000776580000)
  from space 15872K, 74% used [0x0000000777600000,0x0000000778198858,0x0000000778580000)
  to   space 16896K, 0% used [0x0000000776580000,0x0000000776580000,0x0000000777600000)
 ParOldGen       total 89088K, used 7835K [0x00000006c1600000, 0x00000006c6d00000, 0x000000076b200000)
  object space 89088K, 8% used [0x00000006c1600000,0x00000006c1da6f98,0x00000006c6d00000)
 Metaspace       used 33526K, capacity 35334K, committed 35416K, reserved 1079296K
  class space    used 4763K, capacity 5104K, committed 5120K, reserved 1048576K

