# JRE version: Java(TM) SE Runtime Environment (8.0_251-b08) (build 1.8.0_251-b08)
# Java VM: Java HotSpot(TM) 64-Bit Server VM (25.251-b08 mixed mode windows-amd64 compressed oops)
Heap:
 PSYoungGen      total 180736K, used 12370K [0x000000076b200000, 0x0000000778c80000, 0x00000007c0000000)
  eden space 165376K, 0% used [0x000000076b200000,0x000000076b200000,0x0000000775380000)
  from space 15360K, 80% used [0x0000000776380000,0x0000000776f94ba0,0x0000000777280000)
  to   space 16384K, 0% used [0x0000000775380000,0x0000000775380000,0x0000000776380000)
 ParOldGen       total 94720K, used 7280K [0x00000006c1600000, 0x00000006c7280000, 0x000000076b200000)
  object space 94720K, 7% used [0x00000006c1600000,0x00000006c1d1c1a0,0x00000006c7280000)
 Metaspace       used 33532K, capacity 35386K, committed 35496K, reserved 1079296K
  class space    used 4767K, capacity 5102K, committed 5120K, reserved 1048576K
GC Heap History (10 events):
Event: 0.718 GC heap after
Heap after GC invocations=3 (full 0):
 PSYoungGen      total 76288K, used 6244K [0x000000076b200000, 0x0000000774700000, 0x00000007c0000000)
  eden space 65536K, 0% used [0x000000076b200000,0x000000076b200000,0x000000076f200000)
  from space 10752K, 58% used [0x000000076f200000,0x000000076f819078,0x000000076fc80000)
  to   space 10752K, 0% used [0x0000000773c80000,0x0000000773c80000,0x0000000774700000)
 ParOldGen       total 175104K, used 392K [0x00000006c1600000, 0x00000006cc100000, 0x000000076b200000)
  object space 175104K, 0% used [0x00000006c1600000,0x00000006c16621e0,0x00000006cc100000)
 Metaspace       used 20420K, capacity 21164K, committed 21296K, reserved 1067008K
  class space    used 2781K, capacity 2979K, committed 3072K, reserved 1048576K
}
Event: 0.718 GC heap before
{Heap before GC invocations=4 (full 1):
 PSYoungGen      total 76288K, used 6244K [0x000000076b200000, 0x0000000774700000, 0x00000007c0000000)
  eden space 65536K, 0% used [0x000000076b200000,0x000000076b200000,0x000000076f200000)
  from space 10752K, 58% used [0x000000076f200000,0x000000076f819078,0x000000076fc80000)
  to   space 10752K, 0% used [0x0000000773c80000,0x0000000773c80000,0x0000000774700000)
 ParOldGen       total 175104K, used 392K [0x00000006c1600000, 0x00000006cc100000, 0x000000076b200000)
  object space 175104K, 0% used [0x00000006c1600000,0x00000006c16621e0,0x00000006cc100000)
 Metaspace       used 20420K, capacity 21164K, committed 21296K, reserved 1067008K
  class space    used 2781K, capacity 2979K, committed 3072K, reserved 1048576K
Event: 0.735 GC heap after
Heap after GC invocations=4 (full 1):
 PSYoungGen      total 76288K, used 0K [0x000000076b200000, 0x0000000774700000, 0x00000007c0000000)
  eden space 65536K, 0% used [0x000000076b200000,0x000000076b200000,0x000000076f200000)
  from space 10752K, 0% used [0x000000076f200000,0x000000076f200000,0x000000076fc80000)
  to   space 10752K, 0% used [0x0000000773c80000,0x0000000773c80000,0x0000000774700000)
 ParOldGen       total 94720K, used 6058K [0x00000006c1600000, 0x00000006c7280000, 0x000000076b200000)
  object space 94720K, 6% used [0x00000006c1600000,0x00000006c1beab88,0x00000006c7280000)
 Metaspace       used 20418K, capacity 21158K, committed 21296K, reserved 1067008K
  class space    used 2780K, capacity 2978K, committed 3072K, reserved 1048576K
}
Event: 0.848 GC heap before
{Heap before GC invocations=5 (full 1):
 PSYoungGen      total 76288K, used 65536K [0x000000076b200000, 0x0000000774700000, 0x00000007c0000000)
  eden space 65536K, 100% used [0x000000076b200000,0x000000076f200000,0x000000076f200000)
  from space 10752K, 0% used [0x000000076f200000,0x000000076f200000,0x000000076fc80000)
  to   space 10752K, 0% used [0x0000000773c80000,0x0000000773c80000,0x0000000774700000)
 ParOldGen       total 94720K, used 6058K [0x00000006c1600000, 0x00000006c7280000, 0x000000076b200000)
  object space 94720K, 6% used [0x00000006c1600000,0x00000006c1beab88,0x00000006c7280000)
 Metaspace       used 21735K, capacity 22564K, committed 22656K, reserved 1069056K
  class space    used 2966K, capacity 3175K, committed 3200K, reserved 1048576K
Event: 0.850 GC heap after
Heap after GC invocations=5 (full 1):
 PSYoungGen      total 109568K, used 3145K [0x000000076b200000, 0x0000000774000000, 0x00000007c0000000)
  eden space 105984K, 0% used [0x000000076b200000,0x000000076b200000,0x0000000771980000)
  from space 3584K, 87% used [0x0000000773c80000,0x0000000773f92790,0x0000000774000000)
  to   space 10752K, 0% used [0x0000000772b00000,0x0000000772b00000,0x0000000773580000)
 ParOldGen       total 94720K, used 6066K [0x00000006c1600000, 0x00000006c7280000, 0x000000076b200000)
  object space 94720K, 6% used [0x00000006c1600000,0x00000006c1becb88,0x00000006c7280000)
 Metaspace       used 21735K, capacity 22564K, committed 22656K, reserved 1069056K
  class space    used 2966K, capacity 3175K, committed 3200K, reserved 1048576K
}
Event: 1.357 GC heap before
{Heap before GC invocations=6 (full 1):
 PSYoungGen      total 109568K, used 109129K [0x000000076b200000, 0x0000000774000000, 0x00000007c0000000)
  eden space 105984K, 100% used [0x000000076b200000,0x0000000771980000,0x0000000771980000)
  from space 3584K, 87% used [0x0000000773c80000,0x0000000773f92790,0x0000000774000000)
  to   space 10752K, 0% used [0x0000000772b00000,0x0000000772b00000,0x0000000773580000)
 ParOldGen       total 94720K, used 6066K [0x00000006c1600000, 0x00000006c7280000, 0x000000076b200000)
  object space 94720K, 6% used [0x00000006c1600000,0x00000006c1becb88,0x00000006c7280000)
 Metaspace       used 28149K, capacity 29826K, committed 29952K, reserved 1075200K
  class space    used 3944K, capacity 4282K, committed 4352K, reserved 1048576K
Event: 1.363 GC heap after
Heap after GC invocations=6 (full 1):
 PSYoungGen      total 134656K, used 10725K [0x000000076b200000, 0x0000000777280000, 0x00000007c0000000)
  eden space 123904K, 0% used [0x000000076b200000,0x000000076b200000,0x0000000772b00000)
  from space 10752K, 99% used [0x0000000772b00000,0x00000007735794e0,0x0000000773580000)
  to   space 15360K, 0% used [0x0000000776380000,0x0000000776380000,0x0000000777280000)
 ParOldGen       total 94720K, used 7272K [0x00000006c1600000, 0x00000006c7280000, 0x000000076b200000)
  object space 94720K, 7% used [0x00000006c1600000,0x00000006c1d1a1a0,0x00000006c7280000)
 Metaspace       used 28149K, capacity 29826K, committed 29952K, reserved 1075200K
  class space    used 3944K, capacity 4282K, committed 4352K, reserved 1048576K
}
Event: 1.662 GC heap before
{Heap before GC invocations=7 (full 1):
 PSYoungGen      total 134656K, used 107426K [0x000000076b200000, 0x0000000777280000, 0x00000007c0000000)
  eden space 123904K, 78% used [0x000000076b200000,0x000000077106f470,0x0000000772b00000)
  from space 10752K, 99% used [0x0000000772b00000,0x00000007735794e0,0x0000000773580000)
  to   space 15360K, 0% used [0x0000000776380000,0x0000000776380000,0x0000000777280000)
 ParOldGen       total 94720K, used 7272K [0x00000006c1600000, 0x00000006c7280000, 0x000000076b200000)
  object space 94720K, 7% used [0x00000006c1600000,0x00000006c1d1a1a0,0x00000006c7280000)
 Metaspace       used 33532K, capacity 35386K, committed 35496K, reserved 1079296K
  class space    used 4767K, capacity 5102K, committed 5120K, reserved 1048576K
Event: 1.668 GC heap after
Heap after GC invocations=7 (full 1):
 PSYoungGen      total 180736K, used 12370K [0x000000076b200000, 0x0000000778c80000, 0x00000007c0000000)
  eden space 165376K, 0% used [0x000000076b200000,0x000000076b200000,0x0000000775380000)
  from space 15360K, 80% used [0x0000000776380000,0x0000000776f94ba0,0x0000000777280000)
  to   space 16384K, 0% used [0x0000000775380000,0x0000000775380000,0x0000000776380000)
 ParOldGen       total 94720K, used 7280K [0x00000006c1600000, 0x00000006c7280000, 0x000000076b200000)
  object space 94720K, 7% used [0x00000006c1600000,0x00000006c1d1c1a0,0x00000006c7280000)
 Metaspace       used 33532K, capacity 35386K, committed 35496K, reserved 1079296K
  class space    used 4767K, capacity 5102K, committed 5120K, reserved 1048576K
}
Event: 1.668 GC heap before
{Heap before GC invocations=8 (full 2):
 PSYoungGen      total 180736K, used 12370K [0x000000076b200000, 0x0000000778c80000, 0x00000007c0000000)
  eden space 165376K, 0% used [0x000000076b200000,0x000000076b200000,0x0000000775380000)
  from space 15360K, 80% used [0x0000000776380000,0x0000000776f94ba0,0x0000000777280000)
  to   space 16384K, 0% used [0x0000000775380000,0x0000000775380000,0x0000000776380000)
 ParOldGen       total 94720K, used 7280K [0x00000006c1600000, 0x00000006c7280000, 0x000000076b200000)
  object space 94720K, 7% used [0x00000006c1600000,0x00000006c1d1c1a0,0x00000006c7280000)
 Metaspace       used 33532K, capacity 35386K, committed 35496K, reserved 1079296K
  class space    used 4767K, capacity 5102K, committed 5120K, reserved 1048576K

